<?xml version="1.0" encoding="UTF-8"?>
<testsuite hostname="TCH-Komputer" name="tch.code.period.data.dao.DAOTest" tests="7" failures="0" timestamp="18 Dec 2012 19:36:19 GMT" time="0.51" errors="0">
  <testcase name="noCollectionDefinedTest" time="0.0" classname="tch.code.period.data.dao.DAOTest"/>
  <testcase name="f" time="0.0" classname="tch.code.period.data.model.PeriodDTOTest"/>
  <testcase name="f" time="0.0" classname="tch.code.period.data.model.PeriodDTOTest"/>
  <testcase name="f" time="0.0" classname="tch.code.period.domain.logic.PeriodServiceTest"/>
  <testcase name="compareFailureTest" time="0.01" classname="tch.code.period.domain.model.PeriodTest"/>
  <testcase name="compareTest" time="0.01" classname="tch.code.period.domain.model.PeriodTest"/>
  <testcase name="endCalculateTest" time="0.0" classname="tch.code.period.domain.model.PeriodTest"/>
</testsuite>
