<?xml version="1.0" encoding="UTF-8"?>
<testng-results skipped="0" failed="0" total="7" passed="7">
  <reporter-output>
  </reporter-output>
  <suite name="Command line suite" duration-ms="510" started-at="2012-12-18T20:36:19Z" finished-at="2012-12-18T20:36:19Z">
    <groups>
    </groups>
    <test name="Command line test" duration-ms="510" started-at="2012-12-18T20:36:19Z" finished-at="2012-12-18T20:36:19Z">
      <class name="tch.code.period.data.model.PeriodDTOTest">
        <test-method status="PASS" signature="beforeClass()" name="beforeClass" is-config="true" duration-ms="10" started-at="2012-12-18T20:36:19Z" finished-at="2012-12-18T20:36:19Z">
        </test-method>
        <test-method status="PASS" signature="afterClass()" name="afterClass" is-config="true" duration-ms="0" started-at="2012-12-18T20:36:19Z" finished-at="2012-12-18T20:36:19Z">
        </test-method>
        <test-method status="PASS" signature="afterMethod()" name="afterMethod" is-config="true" duration-ms="0" started-at="2012-12-18T20:36:19Z" finished-at="2012-12-18T20:36:19Z">
        </test-method>
        <test-method status="PASS" signature="f(java.lang.Integer, java.lang.String)" name="f" duration-ms="0" started-at="2012-12-18T20:36:19Z" finished-at="2012-12-18T20:36:19Z">
          <params>
            <param index="0">
              <value>
                <![CDATA[2]]>
              </value>
            </param>
            <param index="1">
              <value>
                <![CDATA[b]]>
              </value>
            </param>
          </params>
        </test-method>
        <test-method status="PASS" signature="beforeMethod()" name="beforeMethod" is-config="true" duration-ms="0" started-at="2012-12-18T20:36:19Z" finished-at="2012-12-18T20:36:19Z">
        </test-method>
        <test-method status="PASS" signature="f(java.lang.Integer, java.lang.String)" name="f" duration-ms="0" started-at="2012-12-18T20:36:19Z" finished-at="2012-12-18T20:36:19Z">
          <params>
            <param index="0">
              <value>
                <![CDATA[1]]>
              </value>
            </param>
            <param index="1">
              <value>
                <![CDATA[a]]>
              </value>
            </param>
          </params>
        </test-method>
        <test-method status="PASS" signature="beforeMethod()" name="beforeMethod" is-config="true" duration-ms="0" started-at="2012-12-18T20:36:19Z" finished-at="2012-12-18T20:36:19Z">
        </test-method>
        <test-method status="PASS" signature="afterMethod()" name="afterMethod" is-config="true" duration-ms="0" started-at="2012-12-18T20:36:19Z" finished-at="2012-12-18T20:36:19Z">
        </test-method>
      </class>
      <class name="tch.code.period.domain.model.PeriodTest">
        <test-method status="PASS" signature="compareFailureTest()" name="compareFailureTest" duration-ms="10" started-at="2012-12-18T20:36:19Z" finished-at="2012-12-18T20:36:19Z">
          <exception class="java.lang.NullPointerException">
            <full-stacktrace>
              <![CDATA[java.lang.NullPointerException
	at tch.code.period.domain.model.Period.compareTo(Period.java:50)
	at tch.code.period.domain.model.PeriodTest.compareFailureTest(PeriodTest.java:16)
	at sun.reflect.NativeMethodAccessorImpl.invoke0(Native Method)
	at sun.reflect.NativeMethodAccessorImpl.invoke(NativeMethodAccessorImpl.java:39)
	at sun.reflect.DelegatingMethodAccessorImpl.invoke(DelegatingMethodAccessorImpl.java:25)
	at java.lang.reflect.Method.invoke(Method.java:597)
	at org.testng.internal.MethodInvocationHelper.invokeMethod(MethodInvocationHelper.java:80)
	at org.testng.internal.Invoker.invokeMethod(Invoker.java:673)
	at org.testng.internal.Invoker.invokeTestMethod(Invoker.java:842)
	at org.testng.internal.Invoker.invokeTestMethods(Invoker.java:1166)
	at org.testng.internal.TestMethodWorker.invokeTestMethods(TestMethodWorker.java:125)
	at org.testng.internal.TestMethodWorker.run(TestMethodWorker.java:109)
	at org.testng.TestRunner.runWorkers(TestRunner.java:1178)
	at org.testng.TestRunner.privateRun(TestRunner.java:757)
	at org.testng.TestRunner.run(TestRunner.java:608)
	at org.testng.SuiteRunner.runTest(SuiteRunner.java:334)
	at org.testng.SuiteRunner.runSequentially(SuiteRunner.java:329)
	at org.testng.SuiteRunner.privateRun(SuiteRunner.java:291)
	at org.testng.SuiteRunner.run(SuiteRunner.java:240)
	at org.testng.SuiteRunnerWorker.runSuite(SuiteRunnerWorker.java:52)
	at org.testng.SuiteRunnerWorker.run(SuiteRunnerWorker.java:86)
	at org.testng.TestNG.runSuitesSequentially(TestNG.java:1158)
	at org.testng.TestNG.runSuitesLocally(TestNG.java:1083)
	at org.testng.TestNG.run(TestNG.java:999)
	at org.apache.maven.surefire.testng.TestNGExecutor.run(TestNGExecutor.java:62)
	at org.apache.maven.surefire.testng.TestNGDirectoryTestSuite.execute(TestNGDirectoryTestSuite.java:141)
	at org.apache.maven.surefire.Surefire.run(Surefire.java:177)
	at sun.reflect.NativeMethodAccessorImpl.invoke0(Native Method)
	at sun.reflect.NativeMethodAccessorImpl.invoke(NativeMethodAccessorImpl.java:39)
	at sun.reflect.DelegatingMethodAccessorImpl.invoke(DelegatingMethodAccessorImpl.java:25)
	at java.lang.reflect.Method.invoke(Method.java:597)
	at org.apache.maven.surefire.booter.SurefireBooter.runSuitesInProcess(SurefireBooter.java:345)
	at org.apache.maven.surefire.booter.SurefireBooter.main(SurefireBooter.java:1009)
]]>
            </full-stacktrace>
          </exception>
        </test-method>
        <test-method status="PASS" signature="compareTest()" name="compareTest" duration-ms="10" started-at="2012-12-18T20:36:19Z" finished-at="2012-12-18T20:36:19Z">
        </test-method>
        <test-method status="PASS" signature="endCalculateTest()" name="endCalculateTest" duration-ms="0" started-at="2012-12-18T20:36:19Z" finished-at="2012-12-18T20:36:19Z">
        </test-method>
      </class>
      <class name="tch.code.period.data.dao.DAOTest">
        <test-method status="PASS" signature="beforeSuite()" name="beforeSuite" is-config="true" duration-ms="20" started-at="2012-12-18T20:36:19Z" finished-at="2012-12-18T20:36:19Z">
        </test-method>
        <test-method status="PASS" signature="beforeSuite()" name="beforeSuite" is-config="true" duration-ms="0" started-at="2012-12-18T20:36:19Z" finished-at="2012-12-18T20:36:19Z">
        </test-method>
        <test-method status="PASS" signature="beforeTest()" name="beforeTest" is-config="true" duration-ms="0" started-at="2012-12-18T20:36:19Z" finished-at="2012-12-18T20:36:19Z">
        </test-method>
        <test-method status="PASS" signature="beforeTest()" name="beforeTest" is-config="true" duration-ms="0" started-at="2012-12-18T20:36:19Z" finished-at="2012-12-18T20:36:19Z">
        </test-method>
        <test-method status="PASS" signature="beforeClass()" name="beforeClass" is-config="true" duration-ms="0" started-at="2012-12-18T20:36:19Z" finished-at="2012-12-18T20:36:19Z">
        </test-method>
        <test-method status="PASS" signature="beforeMethod()" name="beforeMethod" is-config="true" duration-ms="470" started-at="2012-12-18T20:36:19Z" finished-at="2012-12-18T20:36:19Z">
        </test-method>
        <test-method status="PASS" signature="afterMethod()" name="afterMethod" is-config="true" duration-ms="0" started-at="2012-12-18T20:36:19Z" finished-at="2012-12-18T20:36:19Z">
        </test-method>
        <test-method status="PASS" signature="noCollectionDefinedTest()" name="noCollectionDefinedTest" duration-ms="0" started-at="2012-12-18T20:36:19Z" finished-at="2012-12-18T20:36:19Z">
          <exception class="java.lang.NullPointerException">
            <full-stacktrace>
              <![CDATA[java.lang.NullPointerException
	at java.util.concurrent.ConcurrentHashMap.get(ConcurrentHashMap.java:768)
	at com.mongodb.DBApiLayer.doGetCollection(DBApiLayer.java:135)
	at com.mongodb.DBApiLayer.doGetCollection(DBApiLayer.java:43)
	at com.mongodb.DB.getCollection(DB.java:147)
	at tch.code.period.data.dao.MongoDBDAO.getCurrentCollection(MongoDBDAO.java:69)
	at tch.code.period.data.dao.MongoDBDAO.findAll(MongoDBDAO.java:55)
	at tch.code.period.data.dao.impl.PeriodDAOImpl.findAllPeriods(PeriodDAOImpl.java:33)
	at tch.code.period.data.dao.DAOTest.noCollectionDefinedTest(DAOTest.java:39)
	at sun.reflect.NativeMethodAccessorImpl.invoke0(Native Method)
	at sun.reflect.NativeMethodAccessorImpl.invoke(NativeMethodAccessorImpl.java:39)
	at sun.reflect.DelegatingMethodAccessorImpl.invoke(DelegatingMethodAccessorImpl.java:25)
	at java.lang.reflect.Method.invoke(Method.java:597)
	at org.testng.internal.MethodInvocationHelper.invokeMethod(MethodInvocationHelper.java:80)
	at org.testng.internal.Invoker.invokeMethod(Invoker.java:673)
	at org.testng.internal.Invoker.invokeTestMethod(Invoker.java:842)
	at org.testng.internal.Invoker.invokeTestMethods(Invoker.java:1166)
	at org.testng.internal.TestMethodWorker.invokeTestMethods(TestMethodWorker.java:125)
	at org.testng.internal.TestMethodWorker.run(TestMethodWorker.java:109)
	at org.testng.TestRunner.runWorkers(TestRunner.java:1178)
	at org.testng.TestRunner.privateRun(TestRunner.java:757)
	at org.testng.TestRunner.run(TestRunner.java:608)
	at org.testng.SuiteRunner.runTest(SuiteRunner.java:334)
	at org.testng.SuiteRunner.runSequentially(SuiteRunner.java:329)
	at org.testng.SuiteRunner.privateRun(SuiteRunner.java:291)
	at org.testng.SuiteRunner.run(SuiteRunner.java:240)
	at org.testng.SuiteRunnerWorker.runSuite(SuiteRunnerWorker.java:52)
	at org.testng.SuiteRunnerWorker.run(SuiteRunnerWorker.java:86)
	at org.testng.TestNG.runSuitesSequentially(TestNG.java:1158)
	at org.testng.TestNG.runSuitesLocally(TestNG.java:1083)
	at org.testng.TestNG.run(TestNG.java:999)
	at org.apache.maven.surefire.testng.TestNGExecutor.run(TestNGExecutor.java:62)
	at org.apache.maven.surefire.testng.TestNGDirectoryTestSuite.execute(TestNGDirectoryTestSuite.java:141)
	at org.apache.maven.surefire.Surefire.run(Surefire.java:177)
	at sun.reflect.NativeMethodAccessorImpl.invoke0(Native Method)
	at sun.reflect.NativeMethodAccessorImpl.invoke(NativeMethodAccessorImpl.java:39)
	at sun.reflect.DelegatingMethodAccessorImpl.invoke(DelegatingMethodAccessorImpl.java:25)
	at java.lang.reflect.Method.invoke(Method.java:597)
	at org.apache.maven.surefire.booter.SurefireBooter.runSuitesInProcess(SurefireBooter.java:345)
	at org.apache.maven.surefire.booter.SurefireBooter.main(SurefireBooter.java:1009)
]]>
            </full-stacktrace>
          </exception>
        </test-method>
        <test-method status="PASS" signature="afterClass()" name="afterClass" is-config="true" duration-ms="0" started-at="2012-12-18T20:36:19Z" finished-at="2012-12-18T20:36:19Z">
        </test-method>
        <test-method status="PASS" signature="afterTest()" name="afterTest" is-config="true" duration-ms="0" started-at="2012-12-18T20:36:19Z" finished-at="2012-12-18T20:36:19Z">
        </test-method>
        <test-method status="PASS" signature="afterTest()" name="afterTest" is-config="true" duration-ms="0" started-at="2012-12-18T20:36:19Z" finished-at="2012-12-18T20:36:19Z">
        </test-method>
        <test-method status="PASS" signature="afterSuite()" name="afterSuite" is-config="true" duration-ms="0" started-at="2012-12-18T20:36:19Z" finished-at="2012-12-18T20:36:19Z">
        </test-method>
        <test-method status="PASS" signature="afterSuite()" name="afterSuite" is-config="true" duration-ms="0" started-at="2012-12-18T20:36:19Z" finished-at="2012-12-18T20:36:19Z">
        </test-method>
      </class>
      <class name="tch.code.period.domain.logic.PeriodServiceTest">
        <test-method status="PASS" signature="f()" name="f" duration-ms="0" started-at="2012-12-18T20:36:19Z" finished-at="2012-12-18T20:36:19Z">
        </test-method>
      </class>
    </test>
  </suite>
</testng-results>
