<?xml version="1.0" encoding="UTF-8" ?>
<testsuite failures="0" time="1.73" errors="0" skipped="0" tests="7" name="TestSuite">
  <properties>
[...]
</properties>
  <testcase time="0" classname="tch.code.period.data.dao.DAOTest" name="noCollectionDefinedTest"/>
  <testcase time="0" classname="tch.code.period.data.model.PeriodDTOTest" name="f"/>
  <testcase time="0" classname="tch.code.period.data.model.PeriodDTOTest" name="f"/>
  <testcase time="0" classname="tch.code.period.domain.logic.PeriodServiceTest" name="f"/>
  <testcase time="0.01" classname="tch.code.period.domain.model.PeriodTest" name="compareFailureTest"/>
  <testcase time="0.01" classname="tch.code.period.domain.model.PeriodTest" name="compareTest"/>
  <testcase time="0" classname="tch.code.period.domain.model.PeriodTest" name="endCalculateTest"/>
</testsuite>