<?xml version="1.0" encoding="UTF-8"?>
<testng-results skipped="0" failed="0" total="1" passed="1">
  <reporter-output>
  </reporter-output>
  <suite name="Default suite" duration-ms="39146" started-at="2012-12-09T19:53:32Z" finished-at="2012-12-09T19:54:11Z">
    <groups>
    </groups>
    <test name="Default test" duration-ms="39146" started-at="2012-12-09T19:53:32Z" finished-at="2012-12-09T19:54:11Z">
      <class name="tch.code.period.data.dao.test.DAOTest">
        <test-method status="PASS" signature="beforeSuite()[pri:0, instance:tch.code.period.data.dao.test.DAOTest@3a083b1b]" name="beforeSuite" is-config="true" duration-ms="16" started-at="2012-12-09T20:53:32Z" finished-at="2012-12-09T20:53:32Z">
          <reporter-output>
          </reporter-output>
        </test-method> <!-- beforeSuite -->
        <test-method status="PASS" signature="beforeTest()[pri:0, instance:tch.code.period.data.dao.test.DAOTest@3a083b1b]" name="beforeTest" is-config="true" duration-ms="1" started-at="2012-12-09T20:53:32Z" finished-at="2012-12-09T20:53:32Z">
          <reporter-output>
          </reporter-output>
        </test-method> <!-- beforeTest -->
        <test-method status="PASS" signature="beforeClass()[pri:0, instance:tch.code.period.data.dao.test.DAOTest@3a083b1b]" name="beforeClass" is-config="true" duration-ms="1" started-at="2012-12-09T20:53:32Z" finished-at="2012-12-09T20:53:32Z">
          <reporter-output>
          </reporter-output>
        </test-method> <!-- beforeClass -->
        <test-method status="PASS" signature="beforeMethod()[pri:0, instance:tch.code.period.data.dao.test.DAOTest@3a083b1b]" name="beforeMethod" is-config="true" duration-ms="37329" started-at="2012-12-09T20:53:32Z" finished-at="2012-12-09T20:54:09Z">
          <reporter-output>
          </reporter-output>
        </test-method> <!-- beforeMethod -->
        <test-method status="PASS" signature="noCollectionDefinedTest()[pri:0, instance:tch.code.period.data.dao.test.DAOTest@3a083b1b]" name="noCollectionDefinedTest" duration-ms="21" started-at="2012-12-09T20:54:11Z" finished-at="2012-12-09T20:54:11Z">
          <exception class="java.lang.NullPointerException">
            <full-stacktrace>
              <![CDATA[java.lang.NullPointerException
	at java.util.concurrent.ConcurrentHashMap.get(Unknown Source)
	at com.mongodb.DBApiLayer.doGetCollection(DBApiLayer.java:135)
	at com.mongodb.DBApiLayer.doGetCollection(DBApiLayer.java:43)
	at com.mongodb.DB.getCollection(DB.java:147)
	at tch.code.period.data.dao.impl.MongoDBDAO.getCurrentCollection(MongoDBDAO.java:69)
	at tch.code.period.data.dao.impl.MongoDBDAO.findAll(MongoDBDAO.java:55)
	at tch.code.period.data.dao.impl.PeriodDAOImpl.findAllPeriods(PeriodDAOImpl.java:32)
	at tch.code.period.data.dao.test.DAOTest.noCollectionDefinedTest(DAOTest.java:39)
	at sun.reflect.NativeMethodAccessorImpl.invoke0(Native Method)
	at sun.reflect.NativeMethodAccessorImpl.invoke(Unknown Source)
	at sun.reflect.DelegatingMethodAccessorImpl.invoke(Unknown Source)
	at java.lang.reflect.Method.invoke(Unknown Source)
	at org.testng.internal.MethodInvocationHelper.invokeMethod(MethodInvocationHelper.java:80)
	at org.testng.internal.Invoker.invokeMethod(Invoker.java:714)
	at org.testng.internal.Invoker.invokeTestMethod(Invoker.java:901)
	at org.testng.internal.Invoker.invokeTestMethods(Invoker.java:1231)
	at org.testng.internal.TestMethodWorker.invokeTestMethods(TestMethodWorker.java:127)
	at org.testng.internal.TestMethodWorker.run(TestMethodWorker.java:111)
	at org.testng.TestRunner.privateRun(TestRunner.java:767)
	at org.testng.TestRunner.run(TestRunner.java:617)
	at org.testng.SuiteRunner.runTest(SuiteRunner.java:334)
	at org.testng.SuiteRunner.runSequentially(SuiteRunner.java:329)
	at org.testng.SuiteRunner.privateRun(SuiteRunner.java:291)
	at org.testng.SuiteRunner.run(SuiteRunner.java:240)
	at org.testng.SuiteRunnerWorker.runSuite(SuiteRunnerWorker.java:52)
	at org.testng.SuiteRunnerWorker.run(SuiteRunnerWorker.java:86)
	at org.testng.TestNG.runSuitesSequentially(TestNG.java:1197)
	at org.testng.TestNG.runSuitesLocally(TestNG.java:1122)
	at org.testng.TestNG.run(TestNG.java:1030)
	at org.testng.remote.RemoteTestNG.run(RemoteTestNG.java:111)
	at org.testng.remote.RemoteTestNG.initAndRun(RemoteTestNG.java:204)
	at org.testng.remote.RemoteTestNG.main(RemoteTestNG.java:175)
]]>
            </full-stacktrace>
          </exception> <!-- java.lang.NullPointerException -->
          <reporter-output>
          </reporter-output>
        </test-method> <!-- noCollectionDefinedTest -->
        <test-method status="PASS" signature="afterMethod()[pri:0, instance:tch.code.period.data.dao.test.DAOTest@3a083b1b]" name="afterMethod" is-config="true" duration-ms="1" started-at="2012-12-09T20:54:11Z" finished-at="2012-12-09T20:54:11Z">
          <reporter-output>
          </reporter-output>
        </test-method> <!-- afterMethod -->
        <test-method status="PASS" signature="afterClass()[pri:0, instance:tch.code.period.data.dao.test.DAOTest@3a083b1b]" name="afterClass" is-config="true" duration-ms="0" started-at="2012-12-09T20:54:11Z" finished-at="2012-12-09T20:54:11Z">
          <reporter-output>
          </reporter-output>
        </test-method> <!-- afterClass -->
        <test-method status="PASS" signature="afterTest()[pri:0, instance:tch.code.period.data.dao.test.DAOTest@3a083b1b]" name="afterTest" is-config="true" duration-ms="2" started-at="2012-12-09T20:54:11Z" finished-at="2012-12-09T20:54:11Z">
          <reporter-output>
          </reporter-output>
        </test-method> <!-- afterTest -->
        <test-method status="PASS" signature="afterSuite()[pri:0, instance:tch.code.period.data.dao.test.DAOTest@3a083b1b]" name="afterSuite" is-config="true" duration-ms="1" started-at="2012-12-09T20:54:11Z" finished-at="2012-12-09T20:54:11Z">
          <reporter-output>
          </reporter-output>
        </test-method> <!-- afterSuite -->
      </class> <!-- tch.code.period.data.dao.test.DAOTest -->
    </test> <!-- Default test -->
  </suite> <!-- Default suite -->
</testng-results>
